  SoundManager.cpp
  EnemyBulletPool.cpp
C:\Users\ADMIN\source\repos\summertt-with-Duy-Anh-and-Quan\TrainingFramework\SDL\src\GameObjectToShow\EnemyBulletPool.cpp(77,48): warning C4244: '=': conversion from 'double' to 'float', possible loss of data
C:\Users\ADMIN\source\repos\summertt-with-Duy-Anh-and-Quan\TrainingFramework\SDL\src\GameObjectToShow\EnemyBulletPool.cpp(78,48): warning C4244: '=': conversion from 'double' to 'float', possible loss of data
C:\Users\ADMIN\source\repos\summertt-with-Duy-Anh-and-Quan\TrainingFramework\SDL\src\GameObjectToShow\EnemyBulletPool.cpp(82,48): warning C4244: '=': conversion from 'double' to 'float', possible loss of data
C:\Users\ADMIN\source\repos\summertt-with-Duy-Anh-and-Quan\TrainingFramework\SDL\src\GameObjectToShow\EnemyBulletPool.cpp(83,48): warning C4244: '=': conversion from 'double' to 'float', possible loss of data
C:\Users\ADMIN\source\repos\summertt-with-Duy-Anh-and-Quan\TrainingFramework\SDL\src\GameObjectToShow\EnemyBulletPool.cpp(129,46): warning C4244: '=': conversion from 'double' to 'float', possible loss of data
C:\Users\ADMIN\source\repos\summertt-with-Duy-Anh-and-Quan\TrainingFramework\SDL\src\GameObjectToShow\EnemyBulletPool.cpp(130,46): warning C4244: '=': conversion from 'double' to 'float', possible loss of data
C:\Users\ADMIN\source\repos\summertt-with-Duy-Anh-and-Quan\TrainingFramework\SDL\src\GameObjectToShow\EnemyBulletPool.cpp(134,46): warning C4244: '=': conversion from 'double' to 'float', possible loss of data
C:\Users\ADMIN\source\repos\summertt-with-Duy-Anh-and-Quan\TrainingFramework\SDL\src\GameObjectToShow\EnemyBulletPool.cpp(135,46): warning C4244: '=': conversion from 'double' to 'float', possible loss of data
  PowerUpPool.cpp
  PowerUp.cpp
  BezierPath.cpp
C:\Users\ADMIN\source\repos\summertt-with-Duy-Anh-and-Quan\TrainingFramework\SDL\src\GameObjectToShow\BezierCurve.h(17,18): warning C4244: '=': conversion from 'double' to 'float', possible loss of data
C:\Users\ADMIN\source\repos\summertt-with-Duy-Anh-and-Quan\TrainingFramework\SDL\src\GameObjectToShow\BezierCurve.h(18,18): warning C4244: '=': conversion from 'double' to 'float', possible loss of data
  EnemyPool.cpp
  CollisionDetection.cpp
  Enemy.cpp
C:\Users\ADMIN\source\repos\summertt-with-Duy-Anh-and-Quan\TrainingFramework\SDL\src\GameObjectToShow\Enemy.cpp(89,21): warning C4244: 'initializing': conversion from 'float' to 'int', possible loss of data
C:\Users\ADMIN\source\repos\summertt-with-Duy-Anh-and-Quan\TrainingFramework\SDL\src\GameObjectToShow\Enemy.cpp(94,43): warning C4244: 'argument': conversion from 'int' to 'float', possible loss of data
C:\Users\ADMIN\source\repos\summertt-with-Duy-Anh-and-Quan\TrainingFramework\SDL\src\GameObjectToShow\Enemy.cpp(94,78): warning C4244: 'argument': conversion from 'int' to 'float', possible loss of data
C:\Users\ADMIN\source\repos\summertt-with-Duy-Anh-and-Quan\TrainingFramework\SDL\src\GameObjectToShow\Enemy.cpp(94,113): warning C4244: 'argument': conversion from 'int' to 'float', possible loss of data
C:\Users\ADMIN\source\repos\summertt-with-Duy-Anh-and-Quan\TrainingFramework\SDL\src\GameObjectToShow\Enemy.cpp(94,147): warning C4244: 'argument': conversion from 'int' to 'float', possible loss of data
C:\Users\ADMIN\source\repos\summertt-with-Duy-Anh-and-Quan\TrainingFramework\SDL\src\GameObjectToShow\Enemy.cpp(95,43): warning C4244: 'argument': conversion from 'int' to 'float', possible loss of data
C:\Users\ADMIN\source\repos\summertt-with-Duy-Anh-and-Quan\TrainingFramework\SDL\src\GameObjectToShow\Enemy.cpp(95,77): warning C4244: 'argument': conversion from 'int' to 'float', possible loss of data
C:\Users\ADMIN\source\repos\summertt-with-Duy-Anh-and-Quan\TrainingFramework\SDL\src\GameObjectToShow\Enemy.cpp(105,43): warning C4244: 'argument': conversion from 'int' to 'float', possible loss of data
C:\Users\ADMIN\source\repos\summertt-with-Duy-Anh-and-Quan\TrainingFramework\SDL\src\GameObjectToShow\Enemy.cpp(105,78): warning C4244: 'argument': conversion from 'int' to 'float', possible loss of data
C:\Users\ADMIN\source\repos\summertt-with-Duy-Anh-and-Quan\TrainingFramework\SDL\src\GameObjectToShow\Enemy.cpp(105,113): warning C4244: 'argument': conversion from 'int' to 'float', possible loss of data
C:\Users\ADMIN\source\repos\summertt-with-Duy-Anh-and-Quan\TrainingFramework\SDL\src\GameObjectToShow\Enemy.cpp(105,147): warning C4244: 'argument': conversion from 'int' to 'float', possible loss of data
C:\Users\ADMIN\source\repos\summertt-with-Duy-Anh-and-Quan\TrainingFramework\SDL\src\GameObjectToShow\Enemy.cpp(106,43): warning C4244: 'argument': conversion from 'int' to 'float', possible loss of data
C:\Users\ADMIN\source\repos\summertt-with-Duy-Anh-and-Quan\TrainingFramework\SDL\src\GameObjectToShow\Enemy.cpp(106,77): warning C4244: 'argument': conversion from 'int' to 'float', possible loss of data
C:\Users\ADMIN\source\repos\summertt-with-Duy-Anh-and-Quan\TrainingFramework\SDL\src\GameObjectToShow\Enemy.cpp(129,28): warning C4244: 'argument': conversion from 'int' to 'float', possible loss of data
C:\Users\ADMIN\source\repos\summertt-with-Duy-Anh-and-Quan\TrainingFramework\SDL\src\GameObjectToShow\Enemy.cpp(129,58): warning C4244: 'argument': conversion from 'int' to 'float', possible loss of data
C:\Users\ADMIN\source\repos\summertt-with-Duy-Anh-and-Quan\TrainingFramework\SDL\src\GameObjectToShow\Enemy.cpp(129,87): warning C4244: 'argument': conversion from 'int' to 'float', possible loss of data
C:\Users\ADMIN\source\repos\summertt-with-Duy-Anh-and-Quan\TrainingFramework\SDL\src\GameObjectToShow\Enemy.cpp(129,117): warning C4244: 'argument': conversion from 'int' to 'float', possible loss of data
C:\Users\ADMIN\source\repos\summertt-with-Duy-Anh-and-Quan\TrainingFramework\SDL\src\GameObjectToShow\Enemy.cpp(139,66): warning C4244: 'argument': conversion from 'int' to 'float', possible loss of data
C:\Users\ADMIN\source\repos\summertt-with-Duy-Anh-and-Quan\TrainingFramework\SDL\src\GameObjectToShow\Enemy.cpp(139,96): warning C4244: 'argument': conversion from 'int' to 'float', possible loss of data
C:\Users\ADMIN\source\repos\summertt-with-Duy-Anh-and-Quan\TrainingFramework\SDL\src\GameObjectToShow\Enemy.cpp(140,28): warning C4244: 'argument': conversion from 'int' to 'float', possible loss of data
C:\Users\ADMIN\source\repos\summertt-with-Duy-Anh-and-Quan\TrainingFramework\SDL\src\GameObjectToShow\Enemy.cpp(140,73): warning C4244: 'argument': conversion from 'int' to 'float', possible loss of data
C:\Users\ADMIN\source\repos\summertt-with-Duy-Anh-and-Quan\TrainingFramework\SDL\src\GameObjectToShow\Enemy.cpp(140,109): warning C4244: 'argument': conversion from 'int' to 'float', possible loss of data
C:\Users\ADMIN\source\repos\summertt-with-Duy-Anh-and-Quan\TrainingFramework\SDL\src\GameObjectToShow\Enemy.cpp(140,130): warning C4244: 'argument': conversion from 'int' to 'float', possible loss of data
C:\Users\ADMIN\source\repos\summertt-with-Duy-Anh-and-Quan\TrainingFramework\SDL\src\GameObjectToShow\Enemy.cpp(162,28): warning C4244: 'argument': conversion from 'int' to 'float', possible loss of data
C:\Users\ADMIN\source\repos\summertt-with-Duy-Anh-and-Quan\TrainingFramework\SDL\src\GameObjectToShow\Enemy.cpp(162,58): warning C4244: 'argument': conversion from 'int' to 'float', possible loss of data
C:\Users\ADMIN\source\repos\summertt-with-Duy-Anh-and-Quan\TrainingFramework\SDL\src\GameObjectToShow\Enemy.cpp(162,87): warning C4244: 'argument': conversion from 'int' to 'float', possible loss of data
C:\Users\ADMIN\source\repos\summertt-with-Duy-Anh-and-Quan\TrainingFramework\SDL\src\GameObjectToShow\Enemy.cpp(162,117): warning C4244: 'argument': conversion from 'int' to 'float', possible loss of data
C:\Users\ADMIN\source\repos\summertt-with-Duy-Anh-and-Quan\TrainingFramework\SDL\src\GameObjectToShow\Enemy.cpp(192,79): warning C4244: 'argument': conversion from 'int' to 'float', possible loss of data
C:\Users\ADMIN\source\repos\summertt-with-Duy-Anh-and-Quan\TrainingFramework\SDL\src\GameObjectToShow\Enemy.cpp(192,114): warning C4244: 'argument': conversion from 'int' to 'float', possible loss of data
C:\Users\ADMIN\source\repos\summertt-with-Duy-Anh-and-Quan\TrainingFramework\SDL\src\GameObjectToShow\Enemy.cpp(299,14): warning C4244: '=': conversion from 'int' to 'float', possible loss of data
  Bullet.cpp
C:\Users\ADMIN\source\repos\summertt-with-Duy-Anh-and-Quan\TrainingFramework\SDL\src\GameObjectToShow\Bullet.cpp(11,40): warning C4244: 'argument': conversion from 'float' to 'int', possible loss of data
C:\Users\ADMIN\source\repos\summertt-with-Duy-Anh-and-Quan\TrainingFramework\SDL\src\GameObjectToShow\Bullet.cpp(11,32): warning C4244: 'argument': conversion from 'float' to 'int', possible loss of data
  Player.cpp
C:\Users\ADMIN\source\repos\summertt-with-Duy-Anh-and-Quan\TrainingFramework\SDL\src\GameObjectToShow\Player.cpp(249,47): warning C4244: '=': conversion from 'double' to 'float', possible loss of data
C:\Users\ADMIN\source\repos\summertt-with-Duy-Anh-and-Quan\TrainingFramework\SDL\src\GameObjectToShow\Player.cpp(250,47): warning C4244: '=': conversion from 'double' to 'float', possible loss of data
C:\Users\ADMIN\source\repos\summertt-with-Duy-Anh-and-Quan\TrainingFramework\SDL\src\GameObjectToShow\Player.cpp(254,47): warning C4244: '=': conversion from 'double' to 'float', possible loss of data
C:\Users\ADMIN\source\repos\summertt-with-Duy-Anh-and-Quan\TrainingFramework\SDL\src\GameObjectToShow\Player.cpp(255,47): warning C4244: '=': conversion from 'double' to 'float', possible loss of data
  Game.cpp
C:\Users\ADMIN\source\repos\summertt-with-Duy-Anh-and-Quan\TrainingFramework\SDL\src\Game.cpp(103,27): warning C4244: 'argument': conversion from 'double' to 'Uint32', possible loss of data
  ResourceManagers.cpp
  Camera.cpp
C:\Users\ADMIN\source\repos\summertt-with-Duy-Anh-and-Quan\TrainingFramework\SDL\src\GameObject\Camera.cpp(23,47): warning C4244: '=': conversion from 'float' to 'int', possible loss of data
C:\Users\ADMIN\source\repos\summertt-with-Duy-Anh-and-Quan\TrainingFramework\SDL\src\GameObject\Camera.cpp(24,47): warning C4244: '=': conversion from 'float' to 'int', possible loss of data
C:\Users\ADMIN\source\repos\summertt-with-Duy-Anh-and-Quan\TrainingFramework\SDL\src\GameObject\Camera.cpp(43,46): warning C4244: 'argument': conversion from 'int' to 'float', possible loss of data
C:\Users\ADMIN\source\repos\summertt-with-Duy-Anh-and-Quan\TrainingFramework\SDL\src\GameObject\Camera.cpp(43,33): warning C4244: 'argument': conversion from 'int' to 'float', possible loss of data
  CMath.cpp
  Dot.cpp
  MouseButton.cpp
C:\Users\ADMIN\source\repos\summertt-with-Duy-Anh-and-Quan\TrainingFramework\SDL\src\GameObject\MouseButton.cpp(45,46): warning C4244: 'argument': conversion from 'float' to 'int', possible loss of data
C:\Users\ADMIN\source\repos\summertt-with-Duy-Anh-and-Quan\TrainingFramework\SDL\src\GameObject\MouseButton.cpp(45,32): warning C4244: 'argument': conversion from 'float' to 'int', possible loss of data
  Renderer.cpp
C:\Users\ADMIN\source\repos\summertt-with-Duy-Anh-and-Quan\TrainingFramework\SDL\src\GameObject\Renderer.cpp(140,54): warning C4244: 'argument': conversion from 'float' to 'int', possible loss of data
C:\Users\ADMIN\source\repos\summertt-with-Duy-Anh-and-Quan\TrainingFramework\SDL\src\GameObject\Renderer.cpp(140,48): warning C4244: 'argument': conversion from 'float' to 'int', possible loss of data
C:\Users\ADMIN\source\repos\summertt-with-Duy-Anh-and-Quan\TrainingFramework\SDL\src\GameObject\Renderer.cpp(140,40): warning C4244: 'argument': conversion from 'float' to 'int', possible loss of data
C:\Users\ADMIN\source\repos\summertt-with-Duy-Anh-and-Quan\TrainingFramework\SDL\src\GameObject\Renderer.cpp(140,32): warning C4244: 'argument': conversion from 'float' to 'int', possible loss of data
  Sfx.cpp
  Sound.cpp
  Sprite2D.cpp
C:\Users\ADMIN\source\repos\summertt-with-Duy-Anh-and-Quan\TrainingFramework\SDL\src\GameObject\Sprite2D.cpp(26,46): warning C4244: 'argument': conversion from 'float' to 'int', possible loss of data
C:\Users\ADMIN\source\repos\summertt-with-Duy-Anh-and-Quan\TrainingFramework\SDL\src\GameObject\Sprite2D.cpp(26,32): warning C4244: 'argument': conversion from 'float' to 'int', possible loss of data
  Compiling...
  SpriteAnimation.cpp
C:\Users\ADMIN\source\repos\summertt-with-Duy-Anh-and-Quan\TrainingFramework\SDL\src\GameObject\SpriteAnimation.cpp(30,51): warning C4244: 'argument': conversion from 'float' to 'int', possible loss of data
C:\Users\ADMIN\source\repos\summertt-with-Duy-Anh-and-Quan\TrainingFramework\SDL\src\GameObject\SpriteAnimation.cpp(30,37): warning C4244: 'argument': conversion from 'float' to 'int', possible loss of data
  Text.cpp
C:\Users\ADMIN\source\repos\summertt-with-Duy-Anh-and-Quan\TrainingFramework\SDL\src\GameObject\Text.cpp(34,45): warning C4244: 'argument': conversion from 'float' to 'int', possible loss of data
C:\Users\ADMIN\source\repos\summertt-with-Duy-Anh-and-Quan\TrainingFramework\SDL\src\GameObject\Text.cpp(34,31): warning C4244: 'argument': conversion from 'float' to 'int', possible loss of data
  TextureManager.cpp
C:\Users\ADMIN\source\repos\summertt-with-Duy-Anh-and-Quan\TrainingFramework\SDL\src\GameObject\TextureManager.cpp(89,25): warning C4838: conversion from 'float' to 'int' requires a narrowing conversion
C:\Users\ADMIN\source\repos\summertt-with-Duy-Anh-and-Quan\TrainingFramework\SDL\src\GameObject\TextureManager.cpp(89,25): warning C4244: 'initializing': conversion from 'float' to 'int', possible loss of data
C:\Users\ADMIN\source\repos\summertt-with-Duy-Anh-and-Quan\TrainingFramework\SDL\src\GameObject\TextureManager.cpp(89,69): warning C4838: conversion from 'float' to 'int' requires a narrowing conversion
C:\Users\ADMIN\source\repos\summertt-with-Duy-Anh-and-Quan\TrainingFramework\SDL\src\GameObject\TextureManager.cpp(89,69): warning C4244: 'initializing': conversion from 'float' to 'int', possible loss of data
C:\Users\ADMIN\source\repos\summertt-with-Duy-Anh-and-Quan\TrainingFramework\SDL\src\GameObject\TextureManager.cpp(95,17): warning C4244: 'initializing': conversion from 'int' to 'float', possible loss of data
C:\Users\ADMIN\source\repos\summertt-with-Duy-Anh-and-Quan\TrainingFramework\SDL\src\GameObject\TextureManager.cpp(96,18): warning C4244: 'initializing': conversion from 'int' to 'float', possible loss of data
C:\Users\ADMIN\source\repos\summertt-with-Duy-Anh-and-Quan\TrainingFramework\SDL\src\GameObject\TextureManager.cpp(97,32): warning C4838: conversion from 'float' to 'int' requires a narrowing conversion
C:\Users\ADMIN\source\repos\summertt-with-Duy-Anh-and-Quan\TrainingFramework\SDL\src\GameObject\TextureManager.cpp(97,32): warning C4244: 'initializing': conversion from 'float' to 'int', possible loss of data
C:\Users\ADMIN\source\repos\summertt-with-Duy-Anh-and-Quan\TrainingFramework\SDL\src\GameObject\TextureManager.cpp(97,58): warning C4838: conversion from 'float' to 'int' requires a narrowing conversion
C:\Users\ADMIN\source\repos\summertt-with-Duy-Anh-and-Quan\TrainingFramework\SDL\src\GameObject\TextureManager.cpp(97,58): warning C4244: 'initializing': conversion from 'float' to 'int', possible loss of data
C:\Users\ADMIN\source\repos\summertt-with-Duy-Anh-and-Quan\TrainingFramework\SDL\src\GameObject\TextureManager.cpp(97,71): warning C4838: conversion from 'float' to 'int' requires a narrowing conversion
C:\Users\ADMIN\source\repos\summertt-with-Duy-Anh-and-Quan\TrainingFramework\SDL\src\GameObject\TextureManager.cpp(97,71): warning C4244: 'initializing': conversion from 'float' to 'int', possible loss of data
C:\Users\ADMIN\source\repos\summertt-with-Duy-Anh-and-Quan\TrainingFramework\SDL\src\GameObject\TextureManager.cpp(97,81): warning C4838: conversion from 'float' to 'int' requires a narrowing conversion
C:\Users\ADMIN\source\repos\summertt-with-Duy-Anh-and-Quan\TrainingFramework\SDL\src\GameObject\TextureManager.cpp(97,81): warning C4244: 'initializing': conversion from 'float' to 'int', possible loss of data
C:\Users\ADMIN\source\repos\summertt-with-Duy-Anh-and-Quan\TrainingFramework\SDL\src\GameObject\TextureManager.cpp(98,25): warning C4838: conversion from 'float' to 'int' requires a narrowing conversion
C:\Users\ADMIN\source\repos\summertt-with-Duy-Anh-and-Quan\TrainingFramework\SDL\src\GameObject\TextureManager.cpp(98,25): warning C4244: 'initializing': conversion from 'float' to 'int', possible loss of data
C:\Users\ADMIN\source\repos\summertt-with-Duy-Anh-and-Quan\TrainingFramework\SDL\src\GameObject\TextureManager.cpp(98,69): warning C4838: conversion from 'float' to 'int' requires a narrowing conversion
C:\Users\ADMIN\source\repos\summertt-with-Duy-Anh-and-Quan\TrainingFramework\SDL\src\GameObject\TextureManager.cpp(98,69): warning C4244: 'initializing': conversion from 'float' to 'int', possible loss of data
  Timer.cpp
  GameStateBase.cpp
  GameStateMachine.cpp
  GSCredit.cpp
C:\Users\ADMIN\source\repos\summertt-with-Duy-Anh-and-Quan\TrainingFramework\SDL\src\GameStates\GSCredit.cpp(42,68): warning C4244: 'argument': conversion from 'int' to 'float', possible loss of data
C:\Users\ADMIN\source\repos\summertt-with-Duy-Anh-and-Quan\TrainingFramework\SDL\src\GameStates\GSCredit.cpp(48,68): warning C4244: 'argument': conversion from 'int' to 'float', possible loss of data
C:\Users\ADMIN\source\repos\summertt-with-Duy-Anh-and-Quan\TrainingFramework\SDL\src\GameStates\GSCredit.cpp(54,68): warning C4244: 'argument': conversion from 'int' to 'float', possible loss of data
C:\Users\ADMIN\source\repos\summertt-with-Duy-Anh-and-Quan\TrainingFramework\SDL\src\GameStates\GSCredit.cpp(125,2): warning C4065: switch statement contains 'default' but no 'case' labels
  GSEnding.cpp
C:\Users\ADMIN\source\repos\summertt-with-Duy-Anh-and-Quan\TrainingFramework\SDL\src\GameStates\GSEnding.cpp(26,62): warning C4244: 'argument': conversion from 'int' to 'float', possible loss of data
C:\Users\ADMIN\source\repos\summertt-with-Duy-Anh-and-Quan\TrainingFramework\SDL\src\GameStates\GSEnding.cpp(31,72): warning C4244: 'argument': conversion from 'int' to 'float', possible loss of data
C:\Users\ADMIN\source\repos\summertt-with-Duy-Anh-and-Quan\TrainingFramework\SDL\src\GameStates\GSEnding.cpp(39,109): warning C4244: 'argument': conversion from 'int' to 'float', possible loss of data
C:\Users\ADMIN\source\repos\summertt-with-Duy-Anh-and-Quan\TrainingFramework\SDL\src\GameStates\GSEnding.cpp(39,64): warning C4244: 'argument': conversion from 'int' to 'float', possible loss of data
  GSIntro.cpp
  GSMenu.cpp
C:\Users\ADMIN\source\repos\summertt-with-Duy-Anh-and-Quan\TrainingFramework\SDL\src\GameStates\GSMenu.cpp(50,108): warning C4244: 'argument': conversion from 'int' to 'float', possible loss of data
C:\Users\ADMIN\source\repos\summertt-with-Duy-Anh-and-Quan\TrainingFramework\SDL\src\GameStates\GSMenu.cpp(50,61): warning C4244: 'argument': conversion from 'int' to 'float', possible loss of data
C:\Users\ADMIN\source\repos\summertt-with-Duy-Anh-and-Quan\TrainingFramework\SDL\src\GameStates\GSMenu.cpp(61,39): warning C4244: 'argument': conversion from 'int' to 'float', possible loss of data
C:\Users\ADMIN\source\repos\summertt-with-Duy-Anh-and-Quan\TrainingFramework\SDL\src\GameStates\GSMenu.cpp(71,66): warning C4244: 'argument': conversion from 'int' to 'float', possible loss of data
C:\Users\ADMIN\source\repos\summertt-with-Duy-Anh-and-Quan\TrainingFramework\SDL\src\GameStates\GSMenu.cpp(80,66): warning C4244: 'argument': conversion from 'int' to 'float', possible loss of data
C:\Users\ADMIN\source\repos\summertt-with-Duy-Anh-and-Quan\TrainingFramework\SDL\src\GameStates\GSMenu.cpp(91,75): warning C4244: 'argument': conversion from 'int' to 'float', possible loss of data
C:\Users\ADMIN\source\repos\summertt-with-Duy-Anh-and-Quan\TrainingFramework\SDL\src\GameStates\GSMenu.cpp(117,68): warning C4244: 'argument': conversion from 'int' to 'float', possible loss of data
C:\Users\ADMIN\source\repos\summertt-with-Duy-Anh-and-Quan\TrainingFramework\SDL\src\GameStates\GSMenu.cpp(124,30): warning C4267: 'argument': conversion from 'size_t' to 'int', possible loss of data
C:\Users\ADMIN\source\repos\summertt-with-Duy-Anh-and-Quan\TrainingFramework\SDL\src\GameStates\GSMenu.cpp(125,78): warning C4244: 'argument': conversion from 'int' to 'float', possible loss of data
C:\Users\ADMIN\source\repos\summertt-with-Duy-Anh-and-Quan\TrainingFramework\SDL\src\GameStates\GSMenu.cpp(150,30): warning C4267: 'argument': conversion from 'size_t' to 'int', possible loss of data
C:\Users\ADMIN\source\repos\summertt-with-Duy-Anh-and-Quan\TrainingFramework\SDL\src\GameStates\GSMenu.cpp(151,78): warning C4244: 'argument': conversion from 'int' to 'float', possible loss of data
  GSOption.cpp
C:\Users\ADMIN\source\repos\summertt-with-Duy-Anh-and-Quan\TrainingFramework\SDL\src\GameStates\GSOption.cpp(50,64): warning C4244: 'argument': conversion from 'int' to 'float', possible loss of data
C:\Users\ADMIN\source\repos\summertt-with-Duy-Anh-and-Quan\TrainingFramework\SDL\src\GameStates\GSOption.cpp(76,60): warning C4244: 'argument': conversion from 'int' to 'float', possible loss of data
C:\Users\ADMIN\source\repos\summertt-with-Duy-Anh-and-Quan\TrainingFramework\SDL\src\GameStates\GSOption.cpp(120,62): warning C4244: 'argument': conversion from 'int' to 'float', possible loss of data
C:\Users\ADMIN\source\repos\summertt-with-Duy-Anh-and-Quan\TrainingFramework\SDL\src\GameStates\GSOption.cpp(174,2): warning C4065: switch statement contains 'default' but no 'case' labels
  GSPause.cpp
C:\Users\ADMIN\source\repos\summertt-with-Duy-Anh-and-Quan\TrainingFramework\SDL\src\GameStates\GSPause.cpp(26,62): warning C4244: 'argument': conversion from 'int' to 'float', possible loss of data
C:\Users\ADMIN\source\repos\summertt-with-Duy-Anh-and-Quan\TrainingFramework\SDL\src\GameStates\GSPause.cpp(31,70): warning C4244: 'argument': conversion from 'int' to 'float', possible loss of data
C:\Users\ADMIN\source\repos\summertt-with-Duy-Anh-and-Quan\TrainingFramework\SDL\src\GameStates\GSPause.cpp(39,110): warning C4244: 'argument': conversion from 'int' to 'float', possible loss of data
C:\Users\ADMIN\source\repos\summertt-with-Duy-Anh-and-Quan\TrainingFramework\SDL\src\GameStates\GSPause.cpp(39,62): warning C4244: 'argument': conversion from 'int' to 'float', possible loss of data
C:\Users\ADMIN\source\repos\summertt-with-Duy-Anh-and-Quan\TrainingFramework\SDL\src\GameStates\GSPause.cpp(50,113): warning C4244: 'argument': conversion from 'int' to 'float', possible loss of data
C:\Users\ADMIN\source\repos\summertt-with-Duy-Anh-and-Quan\TrainingFramework\SDL\src\GameStates\GSPause.cpp(50,64): warning C4244: 'argument': conversion from 'int' to 'float', possible loss of data
  GSPlay.cpp
C:\Users\ADMIN\source\repos\summertt-with-Duy-Anh-and-Quan\TrainingFramework\SDL\src\GameStates\GSPlay.cpp(85,42): warning C4244: 'argument': conversion from 'float' to 'int', possible loss of data
C:\Users\ADMIN\source\repos\summertt-with-Duy-Anh-and-Quan\TrainingFramework\SDL\src\GameStates\GSPlay.cpp(97,33): warning C4244: 'argument': conversion from 'int' to 'float', possible loss of data
C:\Users\ADMIN\source\repos\summertt-with-Duy-Anh-and-Quan\TrainingFramework\SDL\src\GameStates\GSPlay.cpp(102,26): warning C4267: 'argument': conversion from 'size_t' to 'int', possible loss of data
C:\Users\ADMIN\source\repos\summertt-with-Duy-Anh-and-Quan\TrainingFramework\SDL\src\GameStates\GSPlay.cpp(103,34): warning C4244: 'argument': conversion from 'int' to 'float', possible loss of data
C:\Users\ADMIN\source\repos\summertt-with-Duy-Anh-and-Quan\TrainingFramework\SDL\src\GameStates\GSPlay.cpp(241,42): warning C4244: 'argument': conversion from 'float' to 'int', possible loss of data
C:\Users\ADMIN\source\repos\summertt-with-Duy-Anh-and-Quan\TrainingFramework\SDL\src\GameStates\GSPlay.cpp(252,33): warning C4244: 'argument': conversion from 'int' to 'float', possible loss of data
C:\Users\ADMIN\source\repos\summertt-with-Duy-Anh-and-Quan\TrainingFramework\SDL\src\GameStates\GSPlay.cpp(254,50): warning C4244: 'argument': conversion from 'int' to 'float', possible loss of data
  main.cpp
C:\Users\ADMIN\source\repos\summertt-with-Duy-Anh-and-Quan\TrainingFramework\SDL\src\main.cpp(8,12): warning C4244: 'argument': conversion from 'time_t' to 'unsigned int', possible loss of data
  Generating code
  Previous IPDB was built with incompatible compiler, fall back to full compilation.
  All 2655 functions were compiled because no usable IPDB/IOBJ from previous compilation was found.
  Finished generating code
  SDL.vcxproj -> C:\Users\ADMIN\source\repos\summertt-with-Duy-Anh-and-Quan\TrainingFramework\x64\Release\SDL.exe
  0 File(s) copied
